<?xml version="1.0" encoding="UTF-8"?>
<testng-results ignored="0" total="10" passed="7" failed="3" skipped="0">
  <reporter-output>
  </reporter-output>
  <suite started-at="2025-03-24T16:10:11 IST" name="Default suite" finished-at="2025-03-24T16:10:50 IST" duration-ms="38853">
    <groups>
    </groups>
    <test started-at="2025-03-24T16:10:11 IST" name="Default test" finished-at="2025-03-24T16:10:50 IST" duration-ms="38853">
      <class name="api.test.DataDrivenTests">
        <test-method is-config="true" signature="beforeEachTest()[pri:0, instance:api.test.DataDrivenTests@3542162a]" started-at="2025-03-24T16:10:12 IST" name="beforeEachTest" finished-at="2025-03-24T16:10:13 IST" duration-ms="1012" status="PASS">
          <reporter-output>
          </reporter-output>
        </test-method> <!-- beforeEachTest -->
        <test-method signature="testPostUserDDT(java.lang.String,java.lang.String,java.lang.String,java.lang.String,java.lang.String,java.lang.String,java.lang.String)[pri:1, instance:api.test.DataDrivenTests@3542162a]" started-at="2025-03-24T16:10:13 IST" name="testPostUserDDT" data-provider="myDDTData" finished-at="2025-03-24T16:10:17 IST" duration-ms="3785" status="PASS">
          <params>
            <param index="0">
              <value>
                <![CDATA[1011]]>
              </value>
            </param>
            <param index="1">
              <value>
                <![CDATA[testuser1]]>
              </value>
            </param>
            <param index="2">
              <value>
                <![CDATA[John]]>
              </value>
            </param>
            <param index="3">
              <value>
                <![CDATA[Cena]]>
              </value>
            </param>
            <param index="4">
              <value>
                <![CDATA[test1@gmail.com]]>
              </value>
            </param>
            <param index="5">
              <value>
                <![CDATA[test@1]]>
              </value>
            </param>
            <param index="6">
              <value>
                <![CDATA[1234567895]]>
              </value>
            </param>
          </params>
          <reporter-output>
          </reporter-output>
        </test-method> <!-- testPostUserDDT -->
        <test-method is-config="true" signature="afterEachTest()[pri:0, instance:api.test.DataDrivenTests@3542162a]" started-at="2025-03-24T16:10:17 IST" name="afterEachTest" finished-at="2025-03-24T16:10:18 IST" duration-ms="1010" status="PASS">
          <reporter-output>
          </reporter-output>
        </test-method> <!-- afterEachTest -->
        <test-method is-config="true" signature="beforeEachTest()[pri:0, instance:api.test.DataDrivenTests@3542162a]" started-at="2025-03-24T16:10:18 IST" name="beforeEachTest" finished-at="2025-03-24T16:10:19 IST" duration-ms="1014" status="PASS">
          <reporter-output>
          </reporter-output>
        </test-method> <!-- beforeEachTest -->
        <test-method signature="testPostUserDDT(java.lang.String,java.lang.String,java.lang.String,java.lang.String,java.lang.String,java.lang.String,java.lang.String)[pri:1, instance:api.test.DataDrivenTests@3542162a]" started-at="2025-03-24T16:10:19 IST" name="testPostUserDDT" data-provider="myDDTData" finished-at="2025-03-24T16:10:21 IST" duration-ms="1577" status="PASS">
          <params>
            <param index="0">
              <value>
                <![CDATA[1012]]>
              </value>
            </param>
            <param index="1">
              <value>
                <![CDATA[testuser2]]>
              </value>
            </param>
            <param index="2">
              <value>
                <![CDATA[Rohit ]]>
              </value>
            </param>
            <param index="3">
              <value>
                <![CDATA[Sharma]]>
              </value>
            </param>
            <param index="4">
              <value>
                <![CDATA[test2@gmail.com]]>
              </value>
            </param>
            <param index="5">
              <value>
                <![CDATA[test@2]]>
              </value>
            </param>
            <param index="6">
              <value>
                <![CDATA[1234567896]]>
              </value>
            </param>
          </params>
          <reporter-output>
          </reporter-output>
        </test-method> <!-- testPostUserDDT -->
        <test-method is-config="true" signature="afterEachTest()[pri:0, instance:api.test.DataDrivenTests@3542162a]" started-at="2025-03-24T16:10:21 IST" name="afterEachTest" finished-at="2025-03-24T16:10:22 IST" duration-ms="1012" status="PASS">
          <reporter-output>
          </reporter-output>
        </test-method> <!-- afterEachTest -->
        <test-method is-config="true" signature="beforeEachTest()[pri:0, instance:api.test.DataDrivenTests@3542162a]" started-at="2025-03-24T16:10:22 IST" name="beforeEachTest" finished-at="2025-03-24T16:10:23 IST" duration-ms="1003" status="PASS">
          <reporter-output>
          </reporter-output>
        </test-method> <!-- beforeEachTest -->
        <test-method signature="testPostUserDDT(java.lang.String,java.lang.String,java.lang.String,java.lang.String,java.lang.String,java.lang.String,java.lang.String)[pri:1, instance:api.test.DataDrivenTests@3542162a]" started-at="2025-03-24T16:10:23 IST" name="testPostUserDDT" data-provider="myDDTData" finished-at="2025-03-24T16:10:24 IST" duration-ms="1546" status="PASS">
          <params>
            <param index="0">
              <value>
                <![CDATA[1013]]>
              </value>
            </param>
            <param index="1">
              <value>
                <![CDATA[testuser3]]>
              </value>
            </param>
            <param index="2">
              <value>
                <![CDATA[Virat]]>
              </value>
            </param>
            <param index="3">
              <value>
                <![CDATA[Kohli]]>
              </value>
            </param>
            <param index="4">
              <value>
                <![CDATA[test3@gmail.com]]>
              </value>
            </param>
            <param index="5">
              <value>
                <![CDATA[test@3]]>
              </value>
            </param>
            <param index="6">
              <value>
                <![CDATA[1234567897]]>
              </value>
            </param>
          </params>
          <reporter-output>
          </reporter-output>
        </test-method> <!-- testPostUserDDT -->
        <test-method is-config="true" signature="afterEachTest()[pri:0, instance:api.test.DataDrivenTests@3542162a]" started-at="2025-03-24T16:10:24 IST" name="afterEachTest" finished-at="2025-03-24T16:10:25 IST" duration-ms="1007" status="PASS">
          <reporter-output>
          </reporter-output>
        </test-method> <!-- afterEachTest -->
        <test-method is-config="true" signature="beforeEachTest()[pri:0, instance:api.test.DataDrivenTests@3542162a]" started-at="2025-03-24T16:10:25 IST" name="beforeEachTest" finished-at="2025-03-24T16:10:26 IST" duration-ms="1017" status="PASS">
          <reporter-output>
          </reporter-output>
        </test-method> <!-- beforeEachTest -->
        <test-method signature="testPostUserDDT(java.lang.String,java.lang.String,java.lang.String,java.lang.String,java.lang.String,java.lang.String,java.lang.String)[pri:1, instance:api.test.DataDrivenTests@3542162a]" started-at="2025-03-24T16:10:26 IST" name="testPostUserDDT" data-provider="myDDTData" finished-at="2025-03-24T16:10:28 IST" duration-ms="1611" status="PASS">
          <params>
            <param index="0">
              <value>
                <![CDATA[1014]]>
              </value>
            </param>
            <param index="1">
              <value>
                <![CDATA[testuser4]]>
              </value>
            </param>
            <param index="2">
              <value>
                <![CDATA[Rishabh]]>
              </value>
            </param>
            <param index="3">
              <value>
                <![CDATA[Pant]]>
              </value>
            </param>
            <param index="4">
              <value>
                <![CDATA[test4@gmail.com]]>
              </value>
            </param>
            <param index="5">
              <value>
                <![CDATA[test@4]]>
              </value>
            </param>
            <param index="6">
              <value>
                <![CDATA[1234567898]]>
              </value>
            </param>
          </params>
          <reporter-output>
          </reporter-output>
        </test-method> <!-- testPostUserDDT -->
        <test-method is-config="true" signature="afterEachTest()[pri:0, instance:api.test.DataDrivenTests@3542162a]" started-at="2025-03-24T16:10:28 IST" name="afterEachTest" finished-at="2025-03-24T16:10:29 IST" duration-ms="1003" status="PASS">
          <reporter-output>
          </reporter-output>
        </test-method> <!-- afterEachTest -->
        <test-method is-config="true" signature="beforeEachTest()[pri:0, instance:api.test.DataDrivenTests@3542162a]" started-at="2025-03-24T16:10:29 IST" name="beforeEachTest" finished-at="2025-03-24T16:10:30 IST" duration-ms="1004" status="PASS">
          <reporter-output>
          </reporter-output>
        </test-method> <!-- beforeEachTest -->
        <test-method signature="testPostUserDDT(java.lang.String,java.lang.String,java.lang.String,java.lang.String,java.lang.String,java.lang.String,java.lang.String)[pri:1, instance:api.test.DataDrivenTests@3542162a]" started-at="2025-03-24T16:10:30 IST" name="testPostUserDDT" data-provider="myDDTData" finished-at="2025-03-24T16:10:32 IST" duration-ms="1697" status="PASS">
          <params>
            <param index="0">
              <value>
                <![CDATA[1015]]>
              </value>
            </param>
            <param index="1">
              <value>
                <![CDATA[testuser5]]>
              </value>
            </param>
            <param index="2">
              <value>
                <![CDATA[Prajkta]]>
              </value>
            </param>
            <param index="3">
              <value>
                <![CDATA[Mali]]>
              </value>
            </param>
            <param index="4">
              <value>
                <![CDATA[test5@gmail.com]]>
              </value>
            </param>
            <param index="5">
              <value>
                <![CDATA[test@5]]>
              </value>
            </param>
            <param index="6">
              <value>
                <![CDATA[1234567899]]>
              </value>
            </param>
          </params>
          <reporter-output>
          </reporter-output>
        </test-method> <!-- testPostUserDDT -->
        <test-method is-config="true" signature="afterEachTest()[pri:0, instance:api.test.DataDrivenTests@3542162a]" started-at="2025-03-24T16:10:32 IST" name="afterEachTest" finished-at="2025-03-24T16:10:33 IST" duration-ms="1010" status="PASS">
          <reporter-output>
          </reporter-output>
        </test-method> <!-- afterEachTest -->
        <test-method is-config="true" signature="beforeEachTest()[pri:0, instance:api.test.DataDrivenTests@3542162a]" started-at="2025-03-24T16:10:33 IST" name="beforeEachTest" finished-at="2025-03-24T16:10:34 IST" duration-ms="1011" status="PASS">
          <reporter-output>
          </reporter-output>
        </test-method> <!-- beforeEachTest -->
        <test-method signature="testDeleteUserDDT(java.lang.String)[pri:2, instance:api.test.DataDrivenTests@3542162a]" started-at="2025-03-24T16:10:34 IST" name="testDeleteUserDDT" data-provider="UserNames" finished-at="2025-03-24T16:10:35 IST" duration-ms="1469" status="FAIL">
          <params>
            <param index="0">
              <value>
                <![CDATA[testuser1]]>
              </value>
            </param>
          </params>
          <exception class="java.lang.AssertionError">
            <message>
              <![CDATA[expected [200] but found [404]]]>
            </message>
            <full-stacktrace>
              <![CDATA[java.lang.AssertionError: expected [200] but found [404]
at org.testng.Assert.fail(Assert.java:111)
at org.testng.Assert.failNotEquals(Assert.java:1578)
at org.testng.Assert.assertEqualsImpl(Assert.java:150)
at org.testng.Assert.assertEquals(Assert.java:132)
at org.testng.Assert.assertEquals(Assert.java:1419)
at org.testng.Assert.assertEquals(Assert.java:1383)
at org.testng.Assert.assertEquals(Assert.java:1429)
at api.test.DataDrivenTests.testDeleteUserDDT(DataDrivenTests.java:29)
at java.base/jdk.internal.reflect.DirectMethodHandleAccessor.invoke(DirectMethodHandleAccessor.java:103)
at java.base/java.lang.reflect.Method.invoke(Method.java:580)
at org.testng.internal.invokers.MethodInvocationHelper.invokeMethod(MethodInvocationHelper.java:141)
at org.testng.internal.invokers.TestInvoker.invokeMethod(TestInvoker.java:686)
at org.testng.internal.invokers.TestInvoker.invokeTestMethod(TestInvoker.java:230)
at org.testng.internal.invokers.MethodRunner.runInSequence(MethodRunner.java:63)
at org.testng.internal.invokers.TestInvoker$MethodInvocationAgent.invoke(TestInvoker.java:992)
at org.testng.internal.invokers.TestInvoker.invokeTestMethods(TestInvoker.java:203)
at org.testng.internal.invokers.TestMethodWorker.invokeTestMethods(TestMethodWorker.java:154)
at org.testng.internal.invokers.TestMethodWorker.run(TestMethodWorker.java:134)
at java.base/java.util.ArrayList.forEach(ArrayList.java:1597)
at org.testng.TestRunner.privateRun(TestRunner.java:739)
at org.testng.TestRunner.run(TestRunner.java:614)
at org.testng.SuiteRunner.runTest(SuiteRunner.java:421)
at org.testng.SuiteRunner.runSequentially(SuiteRunner.java:413)
at org.testng.SuiteRunner.privateRun(SuiteRunner.java:373)
at org.testng.SuiteRunner.run(SuiteRunner.java:312)
at org.testng.SuiteRunnerWorker.runSuite(SuiteRunnerWorker.java:52)
at org.testng.SuiteRunnerWorker.run(SuiteRunnerWorker.java:95)
at org.testng.TestNG.runSuitesSequentially(TestNG.java:1274)
at org.testng.TestNG.runSuitesLocally(TestNG.java:1208)
at org.testng.TestNG.runSuites(TestNG.java:1112)
at org.testng.TestNG.run(TestNG.java:1079)
at org.testng.remote.AbstractRemoteTestNG.run(AbstractRemoteTestNG.java:115)
at org.testng.remote.RemoteTestNG.initAndRun(RemoteTestNG.java:293)
at org.testng.remote.RemoteTestNG.main(RemoteTestNG.java:91)
]]>
            </full-stacktrace>
          </exception> <!-- java.lang.AssertionError -->
          <reporter-output>
          </reporter-output>
        </test-method> <!-- testDeleteUserDDT -->
        <test-method is-config="true" signature="afterEachTest()[pri:0, instance:api.test.DataDrivenTests@3542162a]" started-at="2025-03-24T16:10:35 IST" name="afterEachTest" finished-at="2025-03-24T16:10:36 IST" duration-ms="1008" status="PASS">
          <reporter-output>
          </reporter-output>
        </test-method> <!-- afterEachTest -->
        <test-method is-config="true" signature="beforeEachTest()[pri:0, instance:api.test.DataDrivenTests@3542162a]" started-at="2025-03-24T16:10:36 IST" name="beforeEachTest" finished-at="2025-03-24T16:10:37 IST" duration-ms="1003" status="PASS">
          <reporter-output>
          </reporter-output>
        </test-method> <!-- beforeEachTest -->
        <test-method signature="testDeleteUserDDT(java.lang.String)[pri:2, instance:api.test.DataDrivenTests@3542162a]" started-at="2025-03-24T16:10:37 IST" name="testDeleteUserDDT" data-provider="UserNames" finished-at="2025-03-24T16:10:39 IST" duration-ms="1506" status="FAIL">
          <params>
            <param index="0">
              <value>
                <![CDATA[testuser2]]>
              </value>
            </param>
          </params>
          <exception class="java.lang.AssertionError">
            <message>
              <![CDATA[expected [200] but found [404]]]>
            </message>
            <full-stacktrace>
              <![CDATA[java.lang.AssertionError: expected [200] but found [404]
at org.testng.Assert.fail(Assert.java:111)
at org.testng.Assert.failNotEquals(Assert.java:1578)
at org.testng.Assert.assertEqualsImpl(Assert.java:150)
at org.testng.Assert.assertEquals(Assert.java:132)
at org.testng.Assert.assertEquals(Assert.java:1419)
at org.testng.Assert.assertEquals(Assert.java:1383)
at org.testng.Assert.assertEquals(Assert.java:1429)
at api.test.DataDrivenTests.testDeleteUserDDT(DataDrivenTests.java:29)
at java.base/jdk.internal.reflect.DirectMethodHandleAccessor.invoke(DirectMethodHandleAccessor.java:103)
at java.base/java.lang.reflect.Method.invoke(Method.java:580)
at org.testng.internal.invokers.MethodInvocationHelper.invokeMethod(MethodInvocationHelper.java:141)
at org.testng.internal.invokers.TestInvoker.invokeMethod(TestInvoker.java:686)
at org.testng.internal.invokers.TestInvoker.invokeTestMethod(TestInvoker.java:230)
at org.testng.internal.invokers.MethodRunner.runInSequence(MethodRunner.java:63)
at org.testng.internal.invokers.TestInvoker$MethodInvocationAgent.invoke(TestInvoker.java:992)
at org.testng.internal.invokers.TestInvoker.invokeTestMethods(TestInvoker.java:203)
at org.testng.internal.invokers.TestMethodWorker.invokeTestMethods(TestMethodWorker.java:154)
at org.testng.internal.invokers.TestMethodWorker.run(TestMethodWorker.java:134)
at java.base/java.util.ArrayList.forEach(ArrayList.java:1597)
at org.testng.TestRunner.privateRun(TestRunner.java:739)
at org.testng.TestRunner.run(TestRunner.java:614)
at org.testng.SuiteRunner.runTest(SuiteRunner.java:421)
at org.testng.SuiteRunner.runSequentially(SuiteRunner.java:413)
at org.testng.SuiteRunner.privateRun(SuiteRunner.java:373)
at org.testng.SuiteRunner.run(SuiteRunner.java:312)
at org.testng.SuiteRunnerWorker.runSuite(SuiteRunnerWorker.java:52)
at org.testng.SuiteRunnerWorker.run(SuiteRunnerWorker.java:95)
at org.testng.TestNG.runSuitesSequentially(TestNG.java:1274)
at org.testng.TestNG.runSuitesLocally(TestNG.java:1208)
at org.testng.TestNG.runSuites(TestNG.java:1112)
at org.testng.TestNG.run(TestNG.java:1079)
at org.testng.remote.AbstractRemoteTestNG.run(AbstractRemoteTestNG.java:115)
at org.testng.remote.RemoteTestNG.initAndRun(RemoteTestNG.java:293)
at org.testng.remote.RemoteTestNG.main(RemoteTestNG.java:91)
]]>
            </full-stacktrace>
          </exception> <!-- java.lang.AssertionError -->
          <reporter-output>
          </reporter-output>
        </test-method> <!-- testDeleteUserDDT -->
        <test-method is-config="true" signature="afterEachTest()[pri:0, instance:api.test.DataDrivenTests@3542162a]" started-at="2025-03-24T16:10:39 IST" name="afterEachTest" finished-at="2025-03-24T16:10:40 IST" duration-ms="1013" status="PASS">
          <reporter-output>
          </reporter-output>
        </test-method> <!-- afterEachTest -->
        <test-method is-config="true" signature="beforeEachTest()[pri:0, instance:api.test.DataDrivenTests@3542162a]" started-at="2025-03-24T16:10:40 IST" name="beforeEachTest" finished-at="2025-03-24T16:10:41 IST" duration-ms="1007" status="PASS">
          <reporter-output>
          </reporter-output>
        </test-method> <!-- beforeEachTest -->
        <test-method signature="testDeleteUserDDT(java.lang.String)[pri:2, instance:api.test.DataDrivenTests@3542162a]" started-at="2025-03-24T16:10:41 IST" name="testDeleteUserDDT" data-provider="UserNames" finished-at="2025-03-24T16:10:42 IST" duration-ms="1429" status="PASS">
          <params>
            <param index="0">
              <value>
                <![CDATA[testuser3]]>
              </value>
            </param>
          </params>
          <reporter-output>
          </reporter-output>
        </test-method> <!-- testDeleteUserDDT -->
        <test-method is-config="true" signature="afterEachTest()[pri:0, instance:api.test.DataDrivenTests@3542162a]" started-at="2025-03-24T16:10:42 IST" name="afterEachTest" finished-at="2025-03-24T16:10:43 IST" duration-ms="1011" status="PASS">
          <reporter-output>
          </reporter-output>
        </test-method> <!-- afterEachTest -->
        <test-method is-config="true" signature="beforeEachTest()[pri:0, instance:api.test.DataDrivenTests@3542162a]" started-at="2025-03-24T16:10:43 IST" name="beforeEachTest" finished-at="2025-03-24T16:10:44 IST" duration-ms="1005" status="PASS">
          <reporter-output>
          </reporter-output>
        </test-method> <!-- beforeEachTest -->
        <test-method signature="testDeleteUserDDT(java.lang.String)[pri:2, instance:api.test.DataDrivenTests@3542162a]" started-at="2025-03-24T16:10:44 IST" name="testDeleteUserDDT" data-provider="UserNames" finished-at="2025-03-24T16:10:45 IST" duration-ms="1359" status="FAIL">
          <params>
            <param index="0">
              <value>
                <![CDATA[testuser4]]>
              </value>
            </param>
          </params>
          <exception class="java.lang.AssertionError">
            <message>
              <![CDATA[expected [200] but found [404]]]>
            </message>
            <full-stacktrace>
              <![CDATA[java.lang.AssertionError: expected [200] but found [404]
at org.testng.Assert.fail(Assert.java:111)
at org.testng.Assert.failNotEquals(Assert.java:1578)
at org.testng.Assert.assertEqualsImpl(Assert.java:150)
at org.testng.Assert.assertEquals(Assert.java:132)
at org.testng.Assert.assertEquals(Assert.java:1419)
at org.testng.Assert.assertEquals(Assert.java:1383)
at org.testng.Assert.assertEquals(Assert.java:1429)
at api.test.DataDrivenTests.testDeleteUserDDT(DataDrivenTests.java:29)
at java.base/jdk.internal.reflect.DirectMethodHandleAccessor.invoke(DirectMethodHandleAccessor.java:103)
at java.base/java.lang.reflect.Method.invoke(Method.java:580)
at org.testng.internal.invokers.MethodInvocationHelper.invokeMethod(MethodInvocationHelper.java:141)
at org.testng.internal.invokers.TestInvoker.invokeMethod(TestInvoker.java:686)
at org.testng.internal.invokers.TestInvoker.invokeTestMethod(TestInvoker.java:230)
at org.testng.internal.invokers.MethodRunner.runInSequence(MethodRunner.java:63)
at org.testng.internal.invokers.TestInvoker$MethodInvocationAgent.invoke(TestInvoker.java:992)
at org.testng.internal.invokers.TestInvoker.invokeTestMethods(TestInvoker.java:203)
at org.testng.internal.invokers.TestMethodWorker.invokeTestMethods(TestMethodWorker.java:154)
at org.testng.internal.invokers.TestMethodWorker.run(TestMethodWorker.java:134)
at java.base/java.util.ArrayList.forEach(ArrayList.java:1597)
at org.testng.TestRunner.privateRun(TestRunner.java:739)
at org.testng.TestRunner.run(TestRunner.java:614)
at org.testng.SuiteRunner.runTest(SuiteRunner.java:421)
at org.testng.SuiteRunner.runSequentially(SuiteRunner.java:413)
at org.testng.SuiteRunner.privateRun(SuiteRunner.java:373)
at org.testng.SuiteRunner.run(SuiteRunner.java:312)
at org.testng.SuiteRunnerWorker.runSuite(SuiteRunnerWorker.java:52)
at org.testng.SuiteRunnerWorker.run(SuiteRunnerWorker.java:95)
at org.testng.TestNG.runSuitesSequentially(TestNG.java:1274)
at org.testng.TestNG.runSuitesLocally(TestNG.java:1208)
at org.testng.TestNG.runSuites(TestNG.java:1112)
at org.testng.TestNG.run(TestNG.java:1079)
at org.testng.remote.AbstractRemoteTestNG.run(AbstractRemoteTestNG.java:115)
at org.testng.remote.RemoteTestNG.initAndRun(RemoteTestNG.java:293)
at org.testng.remote.RemoteTestNG.main(RemoteTestNG.java:91)
]]>
            </full-stacktrace>
          </exception> <!-- java.lang.AssertionError -->
          <reporter-output>
          </reporter-output>
        </test-method> <!-- testDeleteUserDDT -->
        <test-method is-config="true" signature="afterEachTest()[pri:0, instance:api.test.DataDrivenTests@3542162a]" started-at="2025-03-24T16:10:45 IST" name="afterEachTest" finished-at="2025-03-24T16:10:46 IST" duration-ms="1003" status="PASS">
          <reporter-output>
          </reporter-output>
        </test-method> <!-- afterEachTest -->
        <test-method is-config="true" signature="beforeEachTest()[pri:0, instance:api.test.DataDrivenTests@3542162a]" started-at="2025-03-24T16:10:46 IST" name="beforeEachTest" finished-at="2025-03-24T16:10:48 IST" duration-ms="1016" status="PASS">
          <reporter-output>
          </reporter-output>
        </test-method> <!-- beforeEachTest -->
        <test-method signature="testDeleteUserDDT(java.lang.String)[pri:2, instance:api.test.DataDrivenTests@3542162a]" started-at="2025-03-24T16:10:48 IST" name="testDeleteUserDDT" data-provider="UserNames" finished-at="2025-03-24T16:10:49 IST" duration-ms="1426" status="PASS">
          <params>
            <param index="0">
              <value>
                <![CDATA[testuser5]]>
              </value>
            </param>
          </params>
          <reporter-output>
          </reporter-output>
        </test-method> <!-- testDeleteUserDDT -->
        <test-method is-config="true" signature="afterEachTest()[pri:0, instance:api.test.DataDrivenTests@3542162a]" started-at="2025-03-24T16:10:49 IST" name="afterEachTest" finished-at="2025-03-24T16:10:50 IST" duration-ms="1002" status="PASS">
          <reporter-output>
          </reporter-output>
        </test-method> <!-- afterEachTest -->
      </class> <!-- api.test.DataDrivenTests -->
    </test> <!-- Default test -->
  </suite> <!-- Default suite -->
</testng-results>
